<?xml version="1.0" encoding="UTF-8"?>
<testng-results skipped="0" failed="0" total="1" passed="1">
  <reporter-output>
  </reporter-output>
  <suite name="Suite" duration-ms="8798" started-at="2016-05-05T09:34:19Z" finished-at="2016-05-05T09:34:27Z">
    <groups>
    </groups>
    <test name="Test" duration-ms="8798" started-at="2016-05-05T09:34:19Z" finished-at="2016-05-05T09:34:27Z">
      <class name="ToolsQA.AppTest">
        <test-method status="PASS" signature="beforeTest()[pri:0, instance:ToolsQA.AppTest@2d6e8792]" name="beforeTest" is-config="true" duration-ms="3002" started-at="2016-05-05T15:04:19Z" finished-at="2016-05-05T15:04:22Z">
          <reporter-output>
          </reporter-output>
        </test-method> <!-- beforeTest -->
        <test-method status="PASS" signature="testEasy()[pri:0, instance:ToolsQA.AppTest@2d6e8792]" name="testEasy" duration-ms="5025" started-at="2016-05-05T15:04:22Z" finished-at="2016-05-05T15:04:27Z">
          <reporter-output>
          </reporter-output>
        </test-method> <!-- testEasy -->
        <test-method status="PASS" signature="afterTest()[pri:0, instance:ToolsQA.AppTest@2d6e8792]" name="afterTest" is-config="true" duration-ms="752" started-at="2016-05-05T15:04:27Z" finished-at="2016-05-05T15:04:27Z">
          <reporter-output>
          </reporter-output>
        </test-method> <!-- afterTest -->
      </class> <!-- ToolsQA.AppTest -->
    </test> <!-- Test -->
  </suite> <!-- Suite -->
</testng-results>
